0 info it worked if it ends with ok
1 verbose cli [ 'C:\\Program Files\\nodejs\\\\node.exe',
1 verbose cli   'C:\\Program Files\\nodejs\\node_modules\\npm\\bin\\npm-cli.js',
1 verbose cli   'install',
1 verbose cli   'dateFormat' ]
2 info using npm@1.4.28
3 info using node@v0.10.38
4 verbose node symlink C:\Program Files\nodejs\\node.exe
5 warn package.json UserDetails@1.0.0 No repository field.
6 warn package.json UserDetails@1.0.0 No README data
7 verbose readDependencies using package.json deps
8 verbose cache add [ 'dateFormat', null ]
9 verbose cache add name=undefined spec="dateFormat" args=["dateFormat",null]
10 verbose parsed url { protocol: null,
10 verbose parsed url   slashes: null,
10 verbose parsed url   auth: null,
10 verbose parsed url   host: null,
10 verbose parsed url   port: null,
10 verbose parsed url   hostname: null,
10 verbose parsed url   hash: null,
10 verbose parsed url   search: null,
10 verbose parsed url   query: null,
10 verbose parsed url   pathname: 'dateFormat',
10 verbose parsed url   path: 'dateFormat',
10 verbose parsed url   href: 'dateFormat' }
11 silly lockFile de90a86c-dateFormat dateFormat
12 verbose lock dateFormat C:\Users\sh301740\AppData\Roaming\npm-cache\de90a86c-dateFormat.lock
13 silly lockFile de90a86c-dateFormat dateFormat
14 silly lockFile de90a86c-dateFormat dateFormat
15 verbose addNamed [ 'dateFormat', '' ]
16 verbose addNamed [ null, '*' ]
17 silly lockFile f70c2ed7-dateFormat dateFormat@
18 verbose lock dateFormat@ C:\Users\sh301740\AppData\Roaming\npm-cache\f70c2ed7-dateFormat.lock
19 silly addNameRange { name: 'dateFormat', range: '*', hasData: false }
20 verbose request where is /dateFormat
21 verbose request registry http://registry.npmjs.org/
22 verbose request id 61a00739513b2fcb
23 verbose url raw /dateFormat
24 verbose url resolving [ 'http://registry.npmjs.org/', './dateFormat' ]
25 verbose url resolved http://registry.npmjs.org/dateFormat
26 verbose request where is http://registry.npmjs.org/dateFormat
27 info trying registry request attempt 1 at 16:38:29
28 verbose etag "BA5JE0G7GVSM0T8B5I8475T8E"
29 http GET http://registry.npmjs.org/dateFormat
30 http 200 http://registry.npmjs.org/dateFormat
31 silly registry.get cb [ 200,
31 silly registry.get   { server: 'nginx/1.10.3',
31 silly registry.get     'content-type': 'application/json',
31 silly registry.get     'last-modified': 'Thu, 08 Sep 2016 08:16:49 GMT',
31 silly registry.get     etag: 'W/"57d11e71-189"',
31 silly registry.get     'cache-control': 'max-age=300',
31 silly registry.get     'content-length': '240',
31 silly registry.get     'accept-ranges': 'bytes',
31 silly registry.get     date: 'Mon, 30 Oct 2017 11:08:29 GMT',
31 silly registry.get     via: '1.1 varnish',
31 silly registry.get     age: '0',
31 silly registry.get     'x-served-by': 'cache-sin18029-SIN',
31 silly registry.get     'x-cache': 'MISS',
31 silly registry.get     'x-cache-hits': '0',
31 silly registry.get     'x-timer': 'S1509361709.326338,VS0,VE599',
31 silly registry.get     vary: 'Accept-Encoding, Accept',
31 silly registry.get     connection: 'Keep-Alive',
31 silly registry.get     'content-encoding': 'gzip' } ]
32 silly addNameRange number 2 { name: 'dateFormat', range: '*', hasData: true }
33 silly addNameRange versions [ 'dateFormat', [] ]
34 error TypeError: Cannot read property 'latest' of undefined
34 error     at next (C:\Program Files\nodejs\node_modules\npm\lib\cache\add-named.js:219:35)
34 error     at C:\Program Files\nodejs\node_modules\npm\lib\cache\add-named.js:207:5
34 error     at saved (C:\Program Files\nodejs\node_modules\npm\node_modules\npm-registry-client\lib\get.js:167:7)
34 error     at Object.oncomplete (fs.js:108:15)
35 error If you need help, you may report this *entire* log,
35 error including the npm and node versions, at:
35 error     <http://github.com/npm/npm/issues>
36 error System Windows_NT 6.1.7601
37 error command "C:\\Program Files\\nodejs\\\\node.exe" "C:\\Program Files\\nodejs\\node_modules\\npm\\bin\\npm-cli.js" "install" "dateFormat"
38 error cwd D:\My Data\notes\short study\Node\Company wise\Intellect Design\POC
39 error node -v v0.10.38
40 error npm -v 1.4.28
41 error type non_object_property_load
42 verbose exit [ 1, true ]
